mix compile
-------------------------------------------------------------------
server4-0001 role=LEADER    term=001 !inf "Became Leader"
  time = 500 client requests seen = [{4, 219}]
  time = 500      db updates done = [{1, 217}, {2, 217}, {3, 217}, {4, 219}, {5, 217}]

  time = 1000 client requests seen = [{4, 639}]
  time = 1000      db updates done = [{1, 639}, {2, 639}, {3, 637}, {4, 639}, {5, 637}]

  time = 1500 client requests seen = [{4, 1050}]
  time = 1500      db updates done = [{1, 1048}, {2, 1048}, {3, 1048}, {4, 1050}, {5, 1048}]

  time = 2000 client requests seen = [{4, 1464}]
  time = 2000      db updates done = [{1, 1462}, {2, 1462}, {3, 1462}, {4, 1464}, {5, 1462}]

  time = 2500 client requests seen = [{4, 1881}]
  time = 2500      db updates done = [{1, 1880}, {2, 1880}, {3, 1880}, {4, 1881}, {5, 1880}]

  time = 3000 client requests seen = [{4, 2288}]
  time = 3000      db updates done = [{1, 2288}, {2, 2288}, {3, 2288}, {4, 2288}, {5, 2288}]

server1-0001 role=FOLLOWER  term=001 !inf "Server Crashed"
server2-0001 role=FOLLOWER  term=001 !inf "Server Crashed"
  time = 3500 client requests seen = [{4, 2584}]
  time = 3500      db updates done = [{1, 2318}, {2, 2318}, {3, 2584}, {4, 2584}, {5, 2584}]

  time = 4000 client requests seen = [{4, 2862}]
  time = 4000      db updates done = [{1, 2318}, {2, 2318}, {3, 2861}, {4, 2862}, {5, 2861}]

  time = 4500 client requests seen = [{4, 3103}]
  time = 4500      db updates done = [{1, 2318}, {2, 2318}, {3, 3103}, {4, 3103}, {5, 3103}]

  time = 5000 client requests seen = [{4, 3261}]
  time = 5000      db updates done = [{1, 2318}, {2, 2318}, {3, 3259}, {4, 3261}, {5, 3259}]

  time = 5500 client requests seen = [{4, 3424}]
  time = 5500      db updates done = [{1, 2318}, {2, 2318}, {3, 3421}, {4, 3424}, {5, 3421}]

  time = 6000 client requests seen = [{4, 3574}]
  time = 6000      db updates done = [{1, 2318}, {2, 2318}, {3, 3574}, {4, 3574}, {5, 3574}]

  time = 6500 client requests seen = [{4, 3719}]
  time = 6500      db updates done = [{1, 2318}, {2, 2318}, {3, 3719}, {4, 3719}, {5, 3719}]

  time = 7000 client requests seen = [{4, 3864}]
  time = 7000      db updates done = [{1, 2318}, {2, 2318}, {3, 3864}, {4, 3864}, {5, 3864}]

  time = 7500 client requests seen = [{4, 4004}]
  time = 7500      db updates done = [{1, 2318}, {2, 2318}, {3, 4004}, {4, 4004}, {5, 4004}]

  time = 8000 client requests seen = [{4, 4136}]
  time = 8000      db updates done = [{1, 2318}, {2, 2318}, {3, 4136}, {4, 4136}, {5, 4136}]

  time = 8500 client requests seen = [{4, 4259}]
  time = 8500      db updates done = [{1, 2318}, {2, 2318}, {3, 4259}, {4, 4259}, {5, 4259}]

  time = 9000 client requests seen = [{4, 4366}]
  time = 9000      db updates done = [{1, 2318}, {2, 2318}, {3, 4366}, {4, 4366}, {5, 4366}]

  time = 9500 client requests seen = [{4, 4476}]
  time = 9500      db updates done = [{1, 2318}, {2, 2318}, {3, 4476}, {4, 4476}, {5, 4476}]

  time = 10000 client requests seen = [{4, 4586}]
  time = 10000      db updates done = [{1, 2318}, {2, 2318}, {3, 4584}, {4, 4586}, {5, 4584}]

  time = 10500 client requests seen = [{4, 4698}]
  time = 10500      db updates done = [{1, 2318}, {2, 2318}, {3, 4698}, {4, 4698}, {5, 4698}]

  time = 11000 client requests seen = [{4, 4830}]
  time = 11000      db updates done = [{1, 2318}, {2, 2318}, {3, 4830}, {4, 4830}, {5, 4830}]

  time = 11500 client requests seen = [{4, 4954}]
  time = 11500      db updates done = [{1, 2318}, {2, 2318}, {3, 4953}, {4, 4954}, {5, 4953}]

Node client3_11_brunowu@127.0.0.1 Going to Sleep - Client 3 all requests completed = 1000
Node client2_11_brunowu@127.0.0.1 Going to Sleep - Client 2 all requests completed = 1000
Node client5_11_brunowu@127.0.0.1 Going to Sleep - Client 5 all requests completed = 1000
Node client4_11_brunowu@127.0.0.1 Going to Sleep - Client 4 all requests completed = 1000
Node client1_11_brunowu@127.0.0.1 Going to Sleep - Client 1 all requests completed = 1000
  time = 12000 client requests seen = [{4, 5000}]
  time = 12000      db updates done = [{1, 2318}, {2, 2318}, {3, 5000}, {4, 5000}, {5, 5000}]

  time = 12500 client requests seen = [{4, 5000}]
  time = 12500      db updates done = [{1, 2318}, {2, 2318}, {3, 5000}, {4, 5000}, {5, 5000}]

  time = 13000 client requests seen = [{4, 5000}]
  time = 13000      db updates done = [{1, 2318}, {2, 2318}, {3, 5000}, {4, 5000}, {5, 5000}]

  time = 13500 client requests seen = [{4, 5000}]
  time = 13500      db updates done = [{1, 2318}, {2, 2318}, {3, 5000}, {4, 5000}, {5, 5000}]

  time = 14000 client requests seen = [{4, 5000}]
  time = 14000      db updates done = [{1, 2318}, {2, 2318}, {3, 5000}, {4, 5000}, {5, 5000}]

  Node server1_11_brunowu@127.0.0.1 exiting - maxtime reached
  time = 14500 client requests seen = [{4, 5000}]
  time = 14500      db updates done = [{1, 2318}, {2, 2318}, {3, 5000}, {4, 5000}, {5, 5000}]

  Node server4_11_brunowu@127.0.0.1 exiting - maxtime reached
  Node server2_11_brunowu@127.0.0.1 exiting - maxtime reached
  Node client1_11_brunowu@127.0.0.1 exiting - maxtime reached
  Node server3_11_brunowu@127.0.0.1 exiting - maxtime reached
  Node server5_11_brunowu@127.0.0.1 exiting - maxtime reached
  Node client2_11_brunowu@127.0.0.1 exiting - maxtime reached
  Node client4_11_brunowu@127.0.0.1 exiting - maxtime reached
  Node client3_11_brunowu@127.0.0.1 exiting - maxtime reached
  Node client5_11_brunowu@127.0.0.1 exiting - maxtime reached
  Node raft_11_brunowu@127.0.0.1 exiting - maxtime reached
  time = 15000 client requests seen = [{4, 5000}]
  time = 15000      db updates done = [{1, 2318}, {2, 2318}, {3, 5000}, {4, 5000}, {5, 5000}]

  time = 15500 client requests seen = [{4, 5000}]
  time = 15500      db updates done = [{1, 2318}, {2, 2318}, {3, 5000}, {4, 5000}, {5, 5000}]

