mix compile
-------------------------------------------------------------------
server1-0001 role=LEADER    term=001 !inf "Became Leader"
  time = 500 client requests seen = [{1, 217}]
  time = 500      db updates done = [{1, 217}, {2, 216}, {3, 216}, {4, 216}, {5, 216}]

  time = 1000 client requests seen = [{1, 637}]
  time = 1000      db updates done = [{1, 637}, {2, 637}, {3, 637}, {4, 637}, {5, 637}]

  time = 1500 client requests seen = [{1, 1043}]
  time = 1500      db updates done = [{1, 1043}, {2, 1038}, {3, 1038}, {4, 1038}, {5, 1038}]

  time = 2000 client requests seen = [{1, 1378}]
  time = 2000      db updates done = [{1, 1378}, {2, 1378}, {3, 1378}, {4, 1378}, {5, 1378}]

  time = 2500 client requests seen = [{1, 1794}]
  time = 2500      db updates done = [{1, 1794}, {2, 1793}, {3, 1793}, {4, 1793}, {5, 1793}]

  time = 3000 client requests seen = [{1, 2209}]
  time = 3000      db updates done = [{1, 2209}, {2, 2209}, {3, 2209}, {4, 2209}, {5, 2209}]

server1-0002 role=LEADER    term=001 !inf "Leader Crashed"
server5-0001 role=LEADER    term=002 !inf "Became Leader"
  time = 3500 client requests seen = [{1, 2244}, {5, 238}]
  time = 3500      db updates done = [{1, 2244}, {2, 2481}, {3, 2481}, {4, 2481}, {5, 2482}]

  time = 4000 client requests seen = [{1, 2244}, {5, 603}]
  time = 4000      db updates done = [{1, 2244}, {2, 2847}, {3, 2847}, {4, 2847}, {5, 2847}]

  time = 4500 client requests seen = [{1, 2244}, {5, 945}]
  time = 4500      db updates done = [{1, 2244}, {2, 3189}, {3, 3189}, {4, 3189}, {5, 3189}]

  time = 5000 client requests seen = [{1, 2244}, {5, 1277}]
  time = 5000      db updates done = [{1, 2244}, {2, 3521}, {3, 3521}, {4, 3521}, {5, 3521}]

server5-0002 role=LEADER    term=002 !inf "Leader Crashed"
server4-0001 role=LEADER    term=003 !inf "Became Leader"
  time = 5500 client requests seen = [{1, 2244}, {4, 129}, {5, 1307}]
  time = 5500      db updates done = [{1, 2244}, {2, 3677}, {3, 3677}, {4, 3679}, {5, 3551}]

  time = 6000 client requests seen = [{1, 2244}, {4, 328}, {5, 1307}]
  time = 6000      db updates done = [{1, 2244}, {2, 3874}, {3, 3874}, {4, 3878}, {5, 3551}]

  time = 6500 client requests seen = [{1, 2244}, {4, 528}, {5, 1307}]
  time = 6500      db updates done = [{1, 2244}, {2, 4078}, {3, 4078}, {4, 4078}, {5, 3551}]

  time = 7000 client requests seen = [{1, 2244}, {4, 772}, {5, 1307}]
  time = 7000      db updates done = [{1, 2244}, {2, 4322}, {3, 4322}, {4, 4322}, {5, 3551}]

  time = 7500 client requests seen = [{1, 2244}, {4, 988}, {5, 1307}]
  time = 7500      db updates done = [{1, 2244}, {2, 4538}, {3, 4538}, {4, 4538}, {5, 3551}]

  time = 8000 client requests seen = [{1, 2244}, {4, 1209}, {5, 1307}]
  time = 8000      db updates done = [{1, 2244}, {2, 4759}, {3, 4759}, {4, 4759}, {5, 3551}]

  time = 8500 client requests seen = [{1, 2244}, {4, 1437}, {5, 1307}]
  time = 8500      db updates done = [{1, 2244}, {2, 4987}, {3, 4987}, {4, 4987}, {5, 3551}]

Node client3_49_brunowu@127.0.0.1 Going to Sleep - Client 3 all requests completed = 1000
Node client5_49_brunowu@127.0.0.1 Going to Sleep - Client 5 all requests completed = 1000
Node client4_49_brunowu@127.0.0.1 Going to Sleep - Client 4 all requests completed = 1000
Node client1_49_brunowu@127.0.0.1 Going to Sleep - Client 1 all requests completed = 1000
Node client2_49_brunowu@127.0.0.1 Going to Sleep - Client 2 all requests completed = 1000
  time = 9000 client requests seen = [{1, 2244}, {4, 1450}, {5, 1307}]
  time = 9000      db updates done = [{1, 2244}, {2, 5000}, {3, 5000}, {4, 5000}, {5, 3551}]

  time = 9500 client requests seen = [{1, 2244}, {4, 1450}, {5, 1307}]
  time = 9500      db updates done = [{1, 2244}, {2, 5000}, {3, 5000}, {4, 5000}, {5, 3551}]

  time = 10000 client requests seen = [{1, 2244}, {4, 1450}, {5, 1307}]
  time = 10000      db updates done = [{1, 2244}, {2, 5000}, {3, 5000}, {4, 5000}, {5, 3551}]

  time = 10500 client requests seen = [{1, 2244}, {4, 1450}, {5, 1307}]
  time = 10500      db updates done = [{1, 2244}, {2, 5000}, {3, 5000}, {4, 5000}, {5, 3551}]

  time = 11000 client requests seen = [{1, 2244}, {4, 1450}, {5, 1307}]
  time = 11000      db updates done = [{1, 2244}, {2, 5000}, {3, 5000}, {4, 5000}, {5, 3551}]

  time = 11500 client requests seen = [{1, 2244}, {4, 1450}, {5, 1307}]
  time = 11500      db updates done = [{1, 2244}, {2, 5000}, {3, 5000}, {4, 5000}, {5, 3551}]

  time = 12000 client requests seen = [{1, 2244}, {4, 1450}, {5, 1307}]
  time = 12000      db updates done = [{1, 2244}, {2, 5000}, {3, 5000}, {4, 5000}, {5, 3551}]

  time = 12500 client requests seen = [{1, 2244}, {4, 1450}, {5, 1307}]
  time = 12500      db updates done = [{1, 2244}, {2, 5000}, {3, 5000}, {4, 5000}, {5, 3551}]

  time = 13000 client requests seen = [{1, 2244}, {4, 1450}, {5, 1307}]
  time = 13000      db updates done = [{1, 2244}, {2, 5000}, {3, 5000}, {4, 5000}, {5, 3551}]

  time = 13500 client requests seen = [{1, 2244}, {4, 1450}, {5, 1307}]
  time = 13500      db updates done = [{1, 2244}, {2, 5000}, {3, 5000}, {4, 5000}, {5, 3551}]

  time = 14000 client requests seen = [{1, 2244}, {4, 1450}, {5, 1307}]
  time = 14000      db updates done = [{1, 2244}, {2, 5000}, {3, 5000}, {4, 5000}, {5, 3551}]

  Node server1_49_brunowu@127.0.0.1 exiting - maxtime reached
  Node server3_49_brunowu@127.0.0.1 exiting - maxtime reached
  Node client3_49_brunowu@127.0.0.1 exiting - maxtime reached
  Node server4_49_brunowu@127.0.0.1 exiting - maxtime reached
  time = 14500 client requests seen = [{1, 2244}, {4, 1450}, {5, 1307}]
  time = 14500      db updates done = [{1, 2244}, {2, 5000}, {3, 5000}, {4, 5000}, {5, 3551}]

  Node client2_49_brunowu@127.0.0.1 exiting - maxtime reached
  Node server2_49_brunowu@127.0.0.1 exiting - maxtime reached
  Node client5_49_brunowu@127.0.0.1 exiting - maxtime reached
  Node client1_49_brunowu@127.0.0.1 exiting - maxtime reached
  Node server5_49_brunowu@127.0.0.1 exiting - maxtime reached
  Node client4_49_brunowu@127.0.0.1 exiting - maxtime reached
  Node raft_49_brunowu@127.0.0.1 exiting - maxtime reached
  time = 15000 client requests seen = [{1, 2244}, {4, 1450}, {5, 1307}]
  time = 15000      db updates done = [{1, 2244}, {2, 5000}, {3, 5000}, {4, 5000}, {5, 3551}]

  time = 15500 client requests seen = [{1, 2244}, {4, 1450}, {5, 1307}]
  time = 15500      db updates done = [{1, 2244}, {2, 5000}, {3, 5000}, {4, 5000}, {5, 3551}]

