mix compile
-------------------------------------------------------------------
server1-0001 role=LEADER    term=001 !inf "Became Leader"
  time = 500 client requests seen = [{1, 216}]
  time = 500      db updates done = [{1, 216}, {2, 216}, {3, 216}, {4, 216}, {5, 216}]

  time = 1000 client requests seen = [{1, 629}]
  time = 1000      db updates done = [{1, 629}, {2, 629}, {3, 629}, {4, 629}, {5, 629}]

  time = 1500 client requests seen = [{1, 1049}]
  time = 1500      db updates done = [{1, 1049}, {2, 1048}, {3, 1048}, {4, 1048}, {5, 1048}]

  time = 2000 client requests seen = [{1, 1459}]
  time = 2000      db updates done = [{1, 1459}, {2, 1459}, {3, 1459}, {4, 1459}, {5, 1459}]

  time = 2500 client requests seen = [{1, 1879}]
  time = 2500      db updates done = [{1, 1879}, {2, 1877}, {3, 1877}, {4, 1877}, {5, 1877}]

  time = 3000 client requests seen = [{1, 2294}]
  time = 3000      db updates done = [{1, 2294}, {2, 2294}, {3, 2294}, {4, 2294}, {5, 2294}]

server1-0002 role=LEADER    term=001 !inf "Leader sleeping"
server5-0001 role=LEADER    term=002 !inf "Became Leader"
  time = 3500 client requests seen = [{1, 2331}, {5, 252}]
  time = 3500      db updates done = [{1, 2331}, {2, 2582}, {3, 2582}, {4, 2582}, {5, 2583}]

  time = 4000 client requests seen = [{1, 2331}, {5, 639}]
  time = 4000      db updates done = [{1, 2331}, {2, 2969}, {3, 2969}, {4, 2969}, {5, 2970}]

  time = 4500 client requests seen = [{1, 2331}, {5, 1007}]
  time = 4500      db updates done = [{1, 3337}, {2, 3337}, {3, 3337}, {4, 3337}, {5, 3338}]

  time = 5000 client requests seen = [{1, 2331}, {5, 1419}]
  time = 5000      db updates done = [{1, 3748}, {2, 3748}, {3, 3748}, {4, 3748}, {5, 3750}]

server5-0002 role=LEADER    term=002 !inf "Leader sleeping"
server4-0001 role=LEADER    term=003 !inf "Became Leader"
  time = 5500 client requests seen = [{1, 2331}, {4, 200}, {5, 1455}]
  time = 5500      db updates done = [{1, 3986}, {2, 3986}, {3, 3986}, {4, 3986}, {5, 3786}]

  time = 6000 client requests seen = [{1, 2331}, {4, 553}, {5, 1455}]
  time = 6000      db updates done = [{1, 4339}, {2, 4339}, {3, 4339}, {4, 4339}, {5, 3786}]

  time = 6500 client requests seen = [{1, 2331}, {4, 890}, {5, 1456}]
  time = 6500      db updates done = [{1, 4676}, {2, 4676}, {3, 4676}, {4, 4676}, {5, 4676}]

Node client2_05_brunowu@127.0.0.1 Going to Sleep - Client 2 all requests completed = 1000
Node client3_05_brunowu@127.0.0.1 Going to Sleep - Client 3 all requests completed = 1000
Node client1_05_brunowu@127.0.0.1 Going to Sleep - Client 1 all requests completed = 1000
Node client4_05_brunowu@127.0.0.1 Going to Sleep - Client 4 all requests completed = 1000
Node client5_05_brunowu@127.0.0.1 Going to Sleep - Client 5 all requests completed = 1000
  time = 7000 client requests seen = [{1, 2331}, {4, 1214}, {5, 1456}]
  time = 7000      db updates done = [{1, 5000}, {2, 5000}, {3, 5000}, {4, 5000}, {5, 5000}]

server4-0002 role=LEADER    term=003 !inf "Leader sleeping"
server5-0002 role=LEADER    term=004 !inf "Became Leader"
  time = 7500 client requests seen = [{1, 2331}, {4, 1214}, {5, 1456}]
  time = 7500      db updates done = [{1, 5000}, {2, 5000}, {3, 5000}, {4, 5000}, {5, 5000}]

  time = 8000 client requests seen = [{1, 2331}, {4, 1214}, {5, 1456}]
  time = 8000      db updates done = [{1, 5000}, {2, 5000}, {3, 5000}, {4, 5000}, {5, 5000}]

  time = 8500 client requests seen = [{1, 2331}, {4, 1214}, {5, 1456}]
  time = 8500      db updates done = [{1, 5000}, {2, 5000}, {3, 5000}, {4, 5000}, {5, 5000}]

  time = 9000 client requests seen = [{1, 2331}, {4, 1214}, {5, 1456}]
  time = 9000      db updates done = [{1, 5000}, {2, 5000}, {3, 5000}, {4, 5000}, {5, 5000}]

  time = 9500 client requests seen = [{1, 2331}, {4, 1214}, {5, 1456}]
  time = 9500      db updates done = [{1, 5000}, {2, 5000}, {3, 5000}, {4, 5000}, {5, 5000}]

  time = 10000 client requests seen = [{1, 2331}, {4, 1214}, {5, 1456}]
  time = 10000      db updates done = [{1, 5000}, {2, 5000}, {3, 5000}, {4, 5000}, {5, 5000}]

  time = 10500 client requests seen = [{1, 2331}, {4, 1214}, {5, 1456}]
  time = 10500      db updates done = [{1, 5000}, {2, 5000}, {3, 5000}, {4, 5000}, {5, 5000}]

  time = 11000 client requests seen = [{1, 2331}, {4, 1214}, {5, 1456}]
  time = 11000      db updates done = [{1, 5000}, {2, 5000}, {3, 5000}, {4, 5000}, {5, 5000}]

  time = 11500 client requests seen = [{1, 2331}, {4, 1214}, {5, 1456}]
  time = 11500      db updates done = [{1, 5000}, {2, 5000}, {3, 5000}, {4, 5000}, {5, 5000}]

  time = 12000 client requests seen = [{1, 2331}, {4, 1214}, {5, 1456}]
  time = 12000      db updates done = [{1, 5000}, {2, 5000}, {3, 5000}, {4, 5000}, {5, 5000}]

  time = 12500 client requests seen = [{1, 2331}, {4, 1214}, {5, 1456}]
  time = 12500      db updates done = [{1, 5000}, {2, 5000}, {3, 5000}, {4, 5000}, {5, 5000}]

  time = 13000 client requests seen = [{1, 2331}, {4, 1214}, {5, 1456}]
  time = 13000      db updates done = [{1, 5000}, {2, 5000}, {3, 5000}, {4, 5000}, {5, 5000}]

  time = 13500 client requests seen = [{1, 2331}, {4, 1214}, {5, 1456}]
  time = 13500      db updates done = [{1, 5000}, {2, 5000}, {3, 5000}, {4, 5000}, {5, 5000}]

  time = 14000 client requests seen = [{1, 2331}, {4, 1214}, {5, 1456}]
  time = 14000      db updates done = [{1, 5000}, {2, 5000}, {3, 5000}, {4, 5000}, {5, 5000}]

  time = 14500 client requests seen = [{1, 2331}, {4, 1214}, {5, 1456}]
  time = 14500      db updates done = [{1, 5000}, {2, 5000}, {3, 5000}, {4, 5000}, {5, 5000}]

  Node client2_05_brunowu@127.0.0.1 exiting - maxtime reached
  Node server2_05_brunowu@127.0.0.1 exiting - maxtime reached
  Node server1_05_brunowu@127.0.0.1 exiting - maxtime reached
  Node server5_05_brunowu@127.0.0.1 exiting - maxtime reached
  Node server3_05_brunowu@127.0.0.1 exiting - maxtime reached
  Node client4_05_brunowu@127.0.0.1 exiting - maxtime reached
  Node client3_05_brunowu@127.0.0.1 exiting - maxtime reached
  Node server4_05_brunowu@127.0.0.1 exiting - maxtime reached
  Node client1_05_brunowu@127.0.0.1 exiting - maxtime reached
  Node client5_05_brunowu@127.0.0.1 exiting - maxtime reached
  Node raft_05_brunowu@127.0.0.1 exiting - maxtime reached
  time = 15000 client requests seen = [{1, 2331}, {4, 1214}, {5, 1456}]
  time = 15000      db updates done = [{1, 5000}, {2, 5000}, {3, 5000}, {4, 5000}, {5, 5000}]

  time = 15500 client requests seen = [{1, 2331}, {4, 1214}, {5, 1456}]
  time = 15500      db updates done = [{1, 5000}, {2, 5000}, {3, 5000}, {4, 5000}, {5, 5000}]

