mix compile
Compiling 1 file (.ex)
-------------------------------------------------------------------
server2-0001 role=LEADER    term=001 !inf "Became Leader"
  time = 500 client requests seen = [{2, 149}]
  time = 500      db updates done = [{1, 147}, {2, 149}, {3, 148}, {4, 148}, {5, 148}]
  time = 500      failed sends = [{1, 29}, {2, 118}, {3, 28}, {4, 30}, {5, 23}]

  time = 1000 client requests seen = [{2, 356}]
  time = 1000      db updates done = [{1, 355}, {2, 356}, {3, 355}, {4, 355}, {5, 355}]
  time = 1000      failed sends = [{1, 67}, {2, 354}, {3, 72}, {4, 72}, {5, 59}]

  time = 1500 client requests seen = [{2, 601}]
  time = 1500      db updates done = [{1, 600}, {2, 601}, {3, 600}, {4, 600}, {5, 600}]
  time = 1500      failed sends = [{1, 113}, {2, 607}, {3, 112}, {4, 102}, {5, 103}]

  time = 2000 client requests seen = [{2, 776}]
  time = 2000      db updates done = [{1, 776}, {2, 776}, {3, 776}, {4, 776}, {5, 776}]
  time = 2000      failed sends = [{1, 162}, {2, 782}, {3, 146}, {4, 140}, {5, 143}]

  time = 2500 client requests seen = [{2, 963}]
  time = 2500      db updates done = [{1, 963}, {2, 963}, {3, 963}, {4, 963}, {5, 963}]
  time = 2500      failed sends = [{1, 196}, {2, 981}, {3, 182}, {4, 183}, {5, 183}]

  time = 3000 client requests seen = [{2, 1159}]
  time = 3000      db updates done = [{1, 1159}, {2, 1159}, {3, 1159}, {4, 1159}, {5, 1159}]
  time = 3000      failed sends = [{1, 237}, {2, 1165}, {3, 228}, {4, 231}, {5, 209}]

server2-0002 role=LEADER    term=001 !inf "Leader sleeping"
server3-0001 role=LEADER    term=002 !inf "Became Leader"
  time = 3500 client requests seen = [{2, 1167}, {3, 127}]
  time = 3500      db updates done = [{1, 1294}, {2, 1167}, {3, 1294}, {4, 1294}, {5, 1294}]
  time = 3500      failed sends = [{1, 258}, {2, 1179}, {3, 353}, {4, 260}, {5, 225}]

  time = 4000 client requests seen = [{2, 1167}, {3, 293}]
  time = 4000      db updates done = [{1, 1458}, {2, 1167}, {3, 1460}, {4, 1458}, {5, 1458}]
  time = 4000      failed sends = [{1, 281}, {2, 1179}, {3, 509}, {4, 297}, {5, 259}]

  time = 4500 client requests seen = [{2, 1167}, {3, 478}]
  time = 4500      db updates done = [{1, 1644}, {2, 1644}, {3, 1645}, {4, 1644}, {5, 1644}]
  time = 4500      failed sends = [{1, 324}, {2, 1282}, {3, 697}, {4, 331}, {5, 306}]

  time = 5000 client requests seen = [{2, 1167}, {3, 695}]
  time = 5000      db updates done = [{1, 1861}, {2, 1861}, {3, 1862}, {4, 1861}, {5, 1861}]
  time = 5000      failed sends = [{1, 367}, {2, 1336}, {3, 899}, {4, 383}, {5, 353}]

server3-0002 role=LEADER    term=002 !inf "Leader sleeping"
server1-0001 role=LEADER    term=003 !inf "Became Leader"
  time = 5500 client requests seen = [{1, 107}, {2, 1167}, {3, 715}]
  time = 5500      db updates done = [{1, 1988}, {2, 1987}, {3, 1882}, {4, 1987}, {5, 1987}]
  time = 5500      failed sends = [{1, 458}, {2, 1368}, {3, 914}, {4, 414}, {5, 381}]

  time = 6000 client requests seen = [{1, 233}, {2, 1167}, {3, 715}]
  time = 6000      db updates done = [{1, 2114}, {2, 2114}, {3, 1882}, {4, 2114}, {5, 2114}]
  time = 6000      failed sends = [{1, 588}, {2, 1395}, {3, 914}, {4, 446}, {5, 413}]

  time = 6500 client requests seen = [{1, 402}, {2, 1167}, {3, 715}]
  time = 6500      db updates done = [{1, 2283}, {2, 2282}, {3, 2282}, {4, 2282}, {5, 2282}]
  time = 6500      failed sends = [{1, 776}, {2, 1434}, {3, 1001}, {4, 475}, {5, 452}]

  time = 7000 client requests seen = [{1, 618}, {2, 1167}, {3, 715}]
  time = 7000      db updates done = [{1, 2499}, {2, 2499}, {3, 2499}, {4, 2499}, {5, 2499}]
  time = 7000      failed sends = [{1, 997}, {2, 1488}, {3, 1051}, {4, 520}, {5, 499}]

server1-0002 role=LEADER    term=003 !inf "Leader sleeping"
server2-0002 role=LEADER    term=004 !inf "Became Leader"
  time = 7500 client requests seen = [{1, 633}, {2, 1289}, {3, 715}]
  time = 7500      db updates done = [{1, 2514}, {2, 2635}, {3, 2634}, {4, 2634}, {5, 2634}]
  time = 7500      failed sends = [{1, 1007}, {2, 1599}, {3, 1079}, {4, 546}, {5, 531}]

  time = 8000 client requests seen = [{1, 633}, {2, 1502}, {3, 715}]
  time = 8000      db updates done = [{1, 2514}, {2, 2848}, {3, 2847}, {4, 2847}, {5, 2847}]
  time = 8000      failed sends = [{1, 1007}, {2, 1787}, {3, 1112}, {4, 585}, {5, 575}]

  time = 8500 client requests seen = [{1, 633}, {2, 1709}, {3, 715}]
  time = 8500      db updates done = [{1, 3054}, {2, 3055}, {3, 3054}, {4, 3054}, {5, 3054}]
  time = 8500      failed sends = [{1, 1127}, {2, 2005}, {3, 1155}, {4, 620}, {5, 619}]

  time = 9000 client requests seen = [{1, 633}, {2, 1901}, {3, 715}]
  time = 9000      db updates done = [{1, 3246}, {2, 3247}, {3, 3246}, {4, 3246}, {5, 3246}]
  time = 9000      failed sends = [{1, 1165}, {2, 2218}, {3, 1192}, {4, 658}, {5, 647}]

  time = 9500 client requests seen = [{1, 633}, {2, 2104}, {3, 715}]
  time = 9500      db updates done = [{1, 3449}, {2, 3450}, {3, 3449}, {4, 3449}, {5, 3449}]
  time = 9500      failed sends = [{1, 1205}, {2, 2416}, {3, 1237}, {4, 704}, {5, 691}]

  time = 10000 client requests seen = [{1, 633}, {2, 2303}, {3, 715}]
  time = 10000      db updates done = [{1, 3649}, {2, 3649}, {3, 3649}, {4, 3649}, {5, 3649}]
  time = 10000      failed sends = [{1, 1242}, {2, 2621}, {3, 1282}, {4, 741}, {5, 738}]

  time = 10500 client requests seen = [{1, 633}, {2, 2535}, {3, 715}]
  time = 10500      db updates done = [{1, 3881}, {2, 3881}, {3, 3881}, {4, 3881}, {5, 3879}]
  time = 10500      failed sends = [{1, 1276}, {2, 2850}, {3, 1339}, {4, 787}, {5, 781}]

  time = 11000 client requests seen = [{1, 633}, {2, 2735}, {3, 715}]
  time = 11000      db updates done = [{1, 4080}, {2, 4081}, {3, 4080}, {4, 4080}, {5, 4079}]
  time = 11000      failed sends = [{1, 1317}, {2, 3038}, {3, 1378}, {4, 831}, {5, 818}]

  time = 11500 client requests seen = [{1, 633}, {2, 2959}, {3, 715}]
  time = 11500      db updates done = [{1, 4304}, {2, 4305}, {3, 4304}, {4, 4304}, {5, 4304}]
  time = 11500      failed sends = [{1, 1361}, {2, 3233}, {3, 1431}, {4, 877}, {5, 863}]

  time = 12000 client requests seen = [{1, 633}, {2, 3144}, {3, 715}]
  time = 12000      db updates done = [{1, 4489}, {2, 4490}, {3, 4490}, {4, 4490}, {5, 4490}]
  time = 12000      failed sends = [{1, 1398}, {2, 3425}, {3, 1470}, {4, 917}, {5, 901}]

  time = 12500 client requests seen = [{1, 633}, {2, 3330}, {3, 715}]
  time = 12500      db updates done = [{1, 4676}, {2, 4676}, {3, 4676}, {4, 4676}, {5, 4676}]
  time = 12500      failed sends = [{1, 1441}, {2, 3624}, {3, 1501}, {4, 959}, {5, 938}]

Node client2_42_brunowu@127.0.0.1 Going to Sleep - Client 2 all requests completed = 1000
Node client1_42_brunowu@127.0.0.1 Going to Sleep - Client 1 all requests completed = 1000
  time = 13000 client requests seen = [{1, 633}, {2, 3481}, {3, 715}]
  time = 13000      db updates done = [{1, 4826}, {2, 4827}, {3, 4826}, {4, 4826}, {5, 4826}]
  time = 13000      failed sends = [{1, 1470}, {2, 3783}, {3, 1534}, {4, 981}, {5, 965}]

Node client3_42_brunowu@127.0.0.1 Going to Sleep - Client 3 all requests completed = 1000
  time = 13500 client requests seen = [{1, 633}, {2, 3556}, {3, 715}]
  time = 13500      db updates done = [{1, 4901}, {2, 4902}, {3, 4901}, {4, 4901}, {5, 4901}]
  time = 13500      failed sends = [{1, 1487}, {2, 3864}, {3, 1551}, {4, 997}, {5, 987}]

Node client4_42_brunowu@127.0.0.1 Going to Sleep - Client 4 all requests completed = 1000
  time = 14000 client requests seen = [{1, 633}, {2, 3609}, {3, 715}]
  time = 14000      db updates done = [{1, 4955}, {2, 4955}, {3, 4955}, {4, 4955}, {5, 4955}]
  time = 14000      failed sends = [{1, 1499}, {2, 3930}, {3, 1567}, {4, 1008}, {5, 997}]

  Node server4_42_brunowu@127.0.0.1 exiting - maxtime reached
  Node client4_42_brunowu@127.0.0.1 exiting - maxtime reached
  Node server5_42_brunowu@127.0.0.1 exiting - maxtime reached
  time = 14500 client requests seen = [{1, 633}, {2, 3640}, {3, 715}]
  time = 14500      db updates done = [{1, 4986}, {2, 4986}, {3, 4986}, {4, 4986}, {5, 4986}]
  time = 14500      failed sends = [{1, 1505}, {2, 3960}, {3, 1577}, {4, 1012}, {5, 1006}]

  Node server2_42_brunowu@127.0.0.1 exiting - maxtime reached
  Node client1_42_brunowu@127.0.0.1 exiting - maxtime reached
  Node client5_42_brunowu@127.0.0.1 exiting - maxtime reached
  Node client3_42_brunowu@127.0.0.1 exiting - maxtime reached
  Node client2_42_brunowu@127.0.0.1 exiting - maxtime reached
  Node server3_42_brunowu@127.0.0.1 exiting - maxtime reached
  Node server1_42_brunowu@127.0.0.1 exiting - maxtime reached
Node client5_42_brunowu@127.0.0.1 Going to Sleep - Client 5 all requests completed = 1000
  Node raft_42_brunowu@127.0.0.1 exiting - maxtime reached
  time = 15000 client requests seen = [{1, 633}, {2, 3654}, {3, 715}]
  time = 15000      db updates done = [{1, 5000}, {2, 5000}, {3, 5000}, {4, 5000}, {5, 5000}]
  time = 15000      failed sends = [{1, 1515}, {2, 3982}, {3, 1583}, {4, 1014}, {5, 1012}]

  time = 15500 client requests seen = [{1, 633}, {2, 3654}, {3, 715}]
  time = 15500      db updates done = [{1, 5000}, {2, 5000}, {3, 5000}, {4, 5000}, {5, 5000}]
  time = 15500      failed sends = [{1, 1519}, {2, 3996}, {3, 1586}, {4, 1018}, {5, 1019}]

