mix compile
Compiling 1 file (.ex)
-------------------------------------------------------------------
server2-0001 role=LEADER    term=002 !inf "Became Leader"
  time = 500 client requests seen = [{2, 9}]
  time = 500      db updates done = [{1, 9}, {2, 9}, {3, 9}, {4, 9}, {5, 9}]
  time = 500      failed sends = [{1, 6}, {2, 83}, {3, 10}, {4, 10}, {5, 7}]

  time = 1000 client requests seen = [{2, 18}]
  time = 1000      db updates done = [{1, 18}, {2, 18}, {3, 18}, {4, 18}, {5, 18}]
  time = 1000      failed sends = [{1, 30}, {2, 279}, {3, 38}, {4, 34}, {5, 39}]

  time = 1500 client requests seen = [{2, 50}]
  time = 1500      db updates done = [{1, 49}, {2, 50}, {3, 49}, {4, 50}, {5, 50}]
  time = 1500      failed sends = [{1, 59}, {2, 563}, {3, 81}, {4, 74}, {5, 72}]

  time = 2000 client requests seen = [{2, 75}]
  time = 2000      db updates done = [{1, 75}, {2, 75}, {3, 75}, {4, 75}, {5, 75}]
  time = 2000      failed sends = [{1, 90}, {2, 843}, {3, 112}, {4, 121}, {5, 100}]

  time = 2500 client requests seen = [{2, 95}]
  time = 2500      db updates done = [{1, 95}, {2, 95}, {3, 95}, {4, 95}, {5, 95}]
  time = 2500      failed sends = [{1, 110}, {2, 1078}, {3, 136}, {4, 154}, {5, 128}]

  time = 3000 client requests seen = [{2, 119}]
  time = 3000      db updates done = [{1, 119}, {2, 119}, {3, 119}, {4, 119}, {5, 119}]
  time = 3000      failed sends = [{1, 136}, {2, 1340}, {3, 171}, {4, 182}, {5, 151}]

  time = 3500 client requests seen = [{2, 146}]
  time = 3500      db updates done = [{1, 146}, {2, 146}, {3, 146}, {4, 146}, {5, 144}]
  time = 3500      failed sends = [{1, 169}, {2, 1599}, {3, 201}, {4, 214}, {5, 182}]

  time = 4000 client requests seen = [{2, 162}]
  time = 4000      db updates done = [{1, 162}, {2, 162}, {3, 162}, {4, 162}, {5, 162}]
  time = 4000      failed sends = [{1, 195}, {2, 1841}, {3, 223}, {4, 239}, {5, 208}]

  time = 4500 client requests seen = [{2, 188}]
  time = 4500      db updates done = [{1, 188}, {2, 188}, {3, 188}, {4, 188}, {5, 188}]
  time = 4500      failed sends = [{1, 228}, {2, 2102}, {3, 263}, {4, 281}, {5, 242}]

  time = 5000 client requests seen = [{2, 215}]
  time = 5000      db updates done = [{1, 215}, {2, 215}, {3, 215}, {4, 215}, {5, 215}]
  time = 5000      failed sends = [{1, 261}, {2, 2368}, {3, 297}, {4, 312}, {5, 277}]

  time = 5500 client requests seen = [{2, 239}]
  time = 5500      db updates done = [{1, 239}, {2, 239}, {3, 239}, {4, 239}, {5, 239}]
  time = 5500      failed sends = [{1, 293}, {2, 2630}, {3, 322}, {4, 346}, {5, 318}]

  time = 6000 client requests seen = [{2, 260}]
  time = 6000      db updates done = [{1, 259}, {2, 260}, {3, 258}, {4, 259}, {5, 259}]
  time = 6000      failed sends = [{1, 325}, {2, 2899}, {3, 349}, {4, 381}, {5, 347}]

  time = 6500 client requests seen = [{2, 295}]
  time = 6500      db updates done = [{1, 295}, {2, 295}, {3, 295}, {4, 295}, {5, 295}]
  time = 6500      failed sends = [{1, 360}, {2, 3181}, {3, 387}, {4, 416}, {5, 381}]

  time = 7000 client requests seen = [{2, 327}]
  time = 7000      db updates done = [{1, 326}, {2, 327}, {3, 327}, {4, 327}, {5, 327}]
  time = 7000      failed sends = [{1, 399}, {2, 3453}, {3, 423}, {4, 445}, {5, 413}]

  time = 7500 client requests seen = [{2, 353}]
  time = 7500      db updates done = [{1, 353}, {2, 353}, {3, 352}, {4, 353}, {5, 353}]
  time = 7500      failed sends = [{1, 441}, {2, 3719}, {3, 462}, {4, 476}, {5, 452}]

  time = 8000 client requests seen = [{2, 377}]
  time = 8000      db updates done = [{1, 377}, {2, 377}, {3, 376}, {4, 377}, {5, 377}]
  time = 8000      failed sends = [{1, 471}, {2, 3994}, {3, 485}, {4, 498}, {5, 484}]

  time = 8500 client requests seen = [{2, 413}]
  time = 8500      db updates done = [{1, 413}, {2, 413}, {3, 412}, {4, 412}, {5, 413}]
  time = 8500      failed sends = [{1, 514}, {2, 4263}, {3, 518}, {4, 541}, {5, 513}]

  time = 9000 client requests seen = [{2, 448}]
  time = 9000      db updates done = [{1, 448}, {2, 448}, {3, 447}, {4, 448}, {5, 448}]
  time = 9000      failed sends = [{1, 550}, {2, 4559}, {3, 555}, {4, 579}, {5, 554}]

Node client4_35_brunowu@127.0.0.1 Going to Sleep - Client 4 all requests completed = 100
  time = 9500 client requests seen = [{2, 479}]
  time = 9500      db updates done = [{1, 479}, {2, 479}, {3, 479}, {4, 479}, {5, 479}]
  time = 9500      failed sends = [{1, 585}, {2, 4841}, {3, 595}, {4, 611}, {5, 595}]

Node client1_35_brunowu@127.0.0.1 Going to Sleep - Client 1 all requests completed = 100
Node client3_35_brunowu@127.0.0.1 Going to Sleep - Client 3 all requests completed = 100
  time = 10000 client requests seen = [{2, 491}]
  time = 10000      db updates done = [{1, 491}, {2, 491}, {3, 491}, {4, 491}, {5, 491}]
  time = 10000      failed sends = [{1, 604}, {2, 5021}, {3, 606}, {4, 633}, {5, 613}]

Node client5_35_brunowu@127.0.0.1 Going to Sleep - Client 5 all requests completed = 100
  time = 10500 client requests seen = [{2, 499}]
  time = 10500      db updates done = [{1, 499}, {2, 499}, {3, 499}, {4, 499}, {5, 499}]
  time = 10500      failed sends = [{1, 617}, {2, 5146}, {3, 631}, {4, 652}, {5, 629}]

Node client2_35_brunowu@127.0.0.1 Going to Sleep - Client 2 all requests completed = 100
  time = 11000 client requests seen = [{2, 500}]
  time = 11000      db updates done = [{1, 500}, {2, 500}, {3, 500}, {4, 500}, {5, 500}]
  time = 11000      failed sends = [{1, 629}, {2, 5242}, {3, 646}, {4, 667}, {5, 644}]

  time = 11500 client requests seen = [{2, 500}]
  time = 11500      db updates done = [{1, 500}, {2, 500}, {3, 500}, {4, 500}, {5, 500}]
  time = 11500      failed sends = [{1, 638}, {2, 5341}, {3, 653}, {4, 681}, {5, 655}]

  time = 12000 client requests seen = [{2, 500}]
  time = 12000      db updates done = [{1, 500}, {2, 500}, {3, 500}, {4, 500}, {5, 500}]
  time = 12000      failed sends = [{1, 650}, {2, 5438}, {3, 665}, {4, 690}, {5, 664}]

  time = 12500 client requests seen = [{2, 500}]
  time = 12500      db updates done = [{1, 500}, {2, 500}, {3, 500}, {4, 500}, {5, 500}]
  time = 12500      failed sends = [{1, 665}, {2, 5526}, {3, 675}, {4, 704}, {5, 672}]

  time = 13000 client requests seen = [{2, 500}]
  time = 13000      db updates done = [{1, 500}, {2, 500}, {3, 500}, {4, 500}, {5, 500}]
  time = 13000      failed sends = [{1, 677}, {2, 5613}, {3, 685}, {4, 712}, {5, 685}]

  time = 13500 client requests seen = [{2, 500}]
  time = 13500      db updates done = [{1, 500}, {2, 500}, {3, 500}, {4, 500}, {5, 500}]
  time = 13500      failed sends = [{1, 690}, {2, 5705}, {3, 696}, {4, 721}, {5, 693}]

  time = 14000 client requests seen = [{2, 500}]
  time = 14000      db updates done = [{1, 500}, {2, 500}, {3, 500}, {4, 500}, {5, 500}]
  time = 14000      failed sends = [{1, 699}, {2, 5803}, {3, 704}, {4, 730}, {5, 701}]

  Node server5_35_brunowu@127.0.0.1 exiting - maxtime reached
  time = 14500 client requests seen = [{2, 500}]
  time = 14500      db updates done = [{1, 500}, {2, 500}, {3, 500}, {4, 500}, {5, 500}]
  time = 14500      failed sends = [{1, 712}, {2, 5883}, {3, 711}, {4, 740}, {5, 712}]

  Node server2_35_brunowu@127.0.0.1 exiting - maxtime reached
  Node client1_35_brunowu@127.0.0.1 exiting - maxtime reached
  Node client2_35_brunowu@127.0.0.1 exiting - maxtime reached
  Node server1_35_brunowu@127.0.0.1 exiting - maxtime reached
  Node client4_35_brunowu@127.0.0.1 exiting - maxtime reached
server2-0002 role=LEADER    term=004 !inf "Became Leader"
  Node client3_35_brunowu@127.0.0.1 exiting - maxtime reached
  Node server3_35_brunowu@127.0.0.1 exiting - maxtime reached
  Node server4_35_brunowu@127.0.0.1 exiting - maxtime reached
  Node client5_35_brunowu@127.0.0.1 exiting - maxtime reached
  Node raft_35_brunowu@127.0.0.1 exiting - maxtime reached
  time = 15000 client requests seen = [{2, 500}]
  time = 15000      db updates done = [{1, 500}, {2, 500}, {3, 500}, {4, 500}, {5, 500}]
  time = 15000      failed sends = [{1, 724}, {2, 5956}, {3, 720}, {4, 747}, {5, 724}]

  time = 15500 client requests seen = [{2, 500}]
  time = 15500      db updates done = [{1, 500}, {2, 500}, {3, 500}, {4, 500}, {5, 500}]
  time = 15500      failed sends = [{1, 734}, {2, 6045}, {3, 731}, {4, 759}, {5, 735}]

